{
  "stats": {
    "suites": 1,
    "tests": 1,
    "passes": 1,
    "pending": 0,
    "failures": 0,
    "start": "2020-03-31T15:03:19.927Z",
    "end": "2020-03-31T15:03:39.564Z",
    "duration": 19637,
    "testsRegistered": 1,
    "passPercent": 100,
    "pendingPercent": 0,
    "other": 0,
    "hasOther": false,
    "skipped": 0,
    "hasSkipped": false
  },
  "results": [
    {
      "uuid": "a1a77923-9681-4c4f-859e-5cafbac8f89b",
      "title": "",
      "fullFile": "cypress\\integration\\examples\\tests\\test1.js",
      "file": "cypress\\integration\\examples\\tests\\test1.js",
      "beforeHooks": [],
      "afterHooks": [],
      "tests": [],
      "suites": [
        {
          "uuid": "a0a9c72d-b4ea-47b6-85a2-e9851fddf12d",
          "title": "my first test suite",
          "fullFile": "",
          "file": "",
          "beforeHooks": [],
          "afterHooks": [],
          "tests": [
            {
              "title": "my first test",
              "fullTitle": "my first test suite my first test",
              "timedOut": null,
              "duration": 16130,
              "state": "passed",
              "speed": "slow",
              "pass": true,
              "fail": false,
              "pending": false,
              "context": null,
              "code": "cy.visit('http://a.testaddressbook.com/');\ncy.on('uncaught:exception', function (err) {\n  return false;\n});\nvar hp = new _homepage[\"default\"]();\nhp.get_signin().click();\nvar lp = new _loginpage[\"default\"]();\nlp.get_Email().type(this.data.username);\nlp.get_Password().type(this.data.password);\nlp.get_Signin().click();\nhp.get_addresses().click();\nhp.get_new_address().click();\nvar ap = new _addresspage[\"default\"]();\nap.get_Firstname().type(this.data.Firstname);\nap.get_Lastname().type(this.data.Lastname);\nap.get_Address1().type(this.data.Address1);\nap.get_Address2().type(this.data.Address2);\nap.get_city().type(this.data.city);\nap.get_state().select(this.data.state);\nap.get_zipcode().type(this.data.zipcode);\nap.get_address_country_us().click();\nap.get_address_age().type(this.data.address_age);\nap.get_address_website().type(this.data.address_website);\nap.get_address_Phone().type(this.data.address_phone);\nap.get_address_reading().click();\nap.get_address_note().type(this.data.address_note);\nap.get_address_submit().click();\nhp.get_sign_out().click();",
              "err": {},
              "uuid": "cfd750fa-f44e-4faa-b0bb-4cd5c84b96d0",
              "parentUUID": "a0a9c72d-b4ea-47b6-85a2-e9851fddf12d",
              "isHook": false,
              "skipped": false
            }
          ],
          "suites": [],
          "passes": [
            "cfd750fa-f44e-4faa-b0bb-4cd5c84b96d0"
          ],
          "failures": [],
          "pending": [],
          "skipped": [],
          "duration": 16130,
          "root": false,
          "rootEmpty": false,
          "_timeout": 2000
        }
      ],
      "passes": [],
      "failures": [],
      "pending": [],
      "skipped": [],
      "duration": 0,
      "root": true,
      "rootEmpty": true,
      "_timeout": 2000
    }
  ],
  "meta": {
    "mocha": {
      "version": "7.1.1"
    },
    "mochawesome": {
      "options": {
        "quiet": false,
        "reportFilename": "mochawesome",
        "saveHtml": true,
        "saveJson": true,
        "consoleReporter": "spec",
        "useInlineDiffs": false,
        "code": true
      },
      "version": "5.0.0"
    },
    "marge": {
      "options": {},
      "version": "4.1.0"
    }
  }
}