{
  "stats": {
    "suites": 1,
    "tests": 1,
    "passes": 1,
    "pending": 0,
    "failures": 0,
    "start": "2020-03-26T15:47:03.188Z",
    "end": "2020-03-26T15:47:21.828Z",
    "duration": 18640,
    "testsRegistered": 1,
    "passPercent": 100,
    "pendingPercent": 0,
    "other": 0,
    "hasOther": false,
    "skipped": 0,
    "hasSkipped": false
  },
  "results": [
    {
      "uuid": "4c10c569-4b3d-4f17-8602-42e814b0f8d4",
      "title": "",
      "fullFile": "cypress\\integration\\examples\\TestFramework.js",
      "file": "cypress\\integration\\examples\\TestFramework.js",
      "beforeHooks": [],
      "afterHooks": [],
      "tests": [],
      "suites": [
        {
          "uuid": "0ee3c7c2-c366-4b9f-a14c-cf44a7a637a7",
          "title": "my fourth test suite",
          "fullFile": "",
          "file": "",
          "beforeHooks": [],
          "afterHooks": [],
          "tests": [
            {
              "title": "my fourth test",
              "fullTitle": "my fourth test suite my fourth test",
              "timedOut": null,
              "duration": 14261,
              "state": "passed",
              "speed": "slow",
              "pass": true,
              "fail": false,
              "pending": false,
              "context": null,
              "code": "var hp = new _Homepage[\"default\"]();\ncy.visit('https://rahulshettyacademy.com/angularpractice/');\nhp.getEditedBox().type(this.data.name);\nhp.getgender().select(this.data.gender);\nhp.getTwowaydatabiding().should('have.value', this.data.name); // hp.getEntrepreneur().should('have.attr','minlength','2')\nhp.getEntrepreneur().should('be.disabled');\nhp.getshoptab().click(); // cy.get('h4.card-title').each(($el, index, $list) => {\n//     if($el.text().includes('Samsung Note 8'))\n//     {\n//         cy.get('button.btn.btn-info').eq(index).click()\n//     }\n// })\ncy.Product(this.data.productname);\ncy.get(\"a[class*='btn-primary']\").click();\ncy.get(\"button[class*='btn-danger']\").click();\ncy.get(\"td[class='text-right']>h3>strong\").should('have.text', '₹. 0');\ncy.get(\"button[class*='btn-default']\").click();\ncy.get(\"a[href$='angularpractice']\").click();",
              "err": {},
              "uuid": "47561edd-728d-4b2e-a9fe-aa82800dd516",
              "parentUUID": "0ee3c7c2-c366-4b9f-a14c-cf44a7a637a7",
              "isHook": false,
              "skipped": false
            }
          ],
          "suites": [],
          "passes": [
            "47561edd-728d-4b2e-a9fe-aa82800dd516"
          ],
          "failures": [],
          "pending": [],
          "skipped": [],
          "duration": 14261,
          "root": false,
          "rootEmpty": false,
          "_timeout": 2000
        }
      ],
      "passes": [],
      "failures": [],
      "pending": [],
      "skipped": [],
      "duration": 0,
      "root": true,
      "rootEmpty": true,
      "_timeout": 2000
    }
  ],
  "meta": {
    "mocha": {
      "version": "5.2.0"
    },
    "mochawesome": {
      "options": {
        "quiet": false,
        "reportFilename": "mochawesome",
        "saveHtml": true,
        "saveJson": true,
        "consoleReporter": "spec",
        "useInlineDiffs": false
      },
      "version": "4.1.0"
    },
    "marge": {
      "options": {},
      "version": "4.1.0"
    }
  }
}